[2025-06-17 20:29:49 +0900] [449569] [INFO] Starting gunicorn 23.0.0
[2025-06-17 20:29:49 +0900] [449569] [INFO] Listening at: http://[::]:8793 (449569)
[2025-06-17 20:29:49 +0900] [449569] [INFO] Using worker: sync
[2025-06-17 20:29:49 +0900] [449570] [INFO] Booting worker with pid: 449570
[2025-06-17 20:29:49 +0900] [449572] [INFO] Booting worker with pid: 449572
/home/ubuntu/MLOps/MLOps/app/airflow/logs/scheduler/latest already exists as a dir/file. Skip creating symlink.
/home/ubuntu/MLOps/MLOps/app/airflow/logs/scheduler/latest already exists as a dir/file. Skip creating symlink.
/home/ubuntu/MLOps/MLOps/app/airflow/logs/scheduler/latest already exists as a dir/file. Skip creating symlink.
/home/ubuntu/MLOps/MLOps/app/airflow/logs/scheduler/latest already exists as a dir/file. Skip creating symlink.
/home/ubuntu/MLOps/MLOps/app/airflow/logs/scheduler/latest already exists as a dir/file. Skip creating symlink.
/home/ubuntu/MLOps/MLOps/app/airflow/logs/scheduler/latest already exists as a dir/file. Skip creating symlink.
[2025-06-18 09:23:37 +0900] [449569] [CRITICAL] WORKER TIMEOUT (pid:449570)
[2025-06-18 09:23:37 +0900] [449570] [INFO] Worker exiting (pid: 449570)
[2025-06-18 09:23:37 +0900] [449569] [ERROR] Worker (pid:449570) exited with code 1
[2025-06-18 09:23:37 +0900] [449569] [ERROR] Worker (pid:449570) exited with code 1.
[2025-06-18 09:23:37 +0900] [457052] [INFO] Booting worker with pid: 457052
/home/ubuntu/MLOps/MLOps/app/airflow/logs/scheduler/latest already exists as a dir/file. Skip creating symlink.
/home/ubuntu/MLOps/MLOps/app/airflow/logs/scheduler/latest already exists as a dir/file. Skip creating symlink.
/home/ubuntu/MLOps/MLOps/app/airflow/logs/scheduler/latest already exists as a dir/file. Skip creating symlink.
/home/ubuntu/MLOps/MLOps/app/airflow/logs/scheduler/latest already exists as a dir/file. Skip creating symlink.
/home/ubuntu/MLOps/MLOps/app/airflow/logs/scheduler/latest already exists as a dir/file. Skip creating symlink.
/home/ubuntu/MLOps/MLOps/app/airflow/logs/scheduler/latest already exists as a dir/file. Skip creating symlink.
/home/ubuntu/MLOps/MLOps/app/airflow/logs/scheduler/latest already exists as a dir/file. Skip creating symlink.
/home/ubuntu/MLOps/MLOps/app/airflow/logs/scheduler/latest already exists as a dir/file. Skip creating symlink.
/home/ubuntu/MLOps/MLOps/app/airflow/logs/scheduler/latest already exists as a dir/file. Skip creating symlink.
/home/ubuntu/MLOps/MLOps/app/airflow/logs/scheduler/latest already exists as a dir/file. Skip creating symlink.
/home/ubuntu/MLOps/MLOps/app/airflow/logs/scheduler/latest already exists as a dir/file. Skip creating symlink.
/home/ubuntu/MLOps/MLOps/app/airflow/logs/scheduler/latest already exists as a dir/file. Skip creating symlink.
/home/ubuntu/MLOps/MLOps/app/airflow/logs/scheduler/latest already exists as a dir/file. Skip creating symlink.
/home/ubuntu/MLOps/MLOps/app/airflow/logs/scheduler/latest already exists as a dir/file. Skip creating symlink.
/home/ubuntu/MLOps/MLOps/app/airflow/logs/scheduler/latest already exists as a dir/file. Skip creating symlink.
/home/ubuntu/MLOps/MLOps/app/airflow/logs/scheduler/latest already exists as a dir/file. Skip creating symlink.
/home/ubuntu/MLOps/MLOps/app/airflow/logs/scheduler/latest already exists as a dir/file. Skip creating symlink.
/home/ubuntu/MLOps/MLOps/app/airflow/logs/scheduler/latest already exists as a dir/file. Skip creating symlink.
/home/ubuntu/MLOps/MLOps/app/airflow/logs/scheduler/latest already exists as a dir/file. Skip creating symlink.
/home/ubuntu/MLOps/MLOps/app/airflow/logs/scheduler/latest already exists as a dir/file. Skip creating symlink.
/home/ubuntu/MLOps/MLOps/app/airflow/logs/scheduler/latest already exists as a dir/file. Skip creating symlink.
/home/ubuntu/MLOps/MLOps/app/airflow/logs/scheduler/latest already exists as a dir/file. Skip creating symlink.
/home/ubuntu/MLOps/MLOps/app/airflow/logs/scheduler/latest already exists as a dir/file. Skip creating symlink.
/home/ubuntu/MLOps/MLOps/app/airflow/logs/scheduler/latest already exists as a dir/file. Skip creating symlink.
/home/ubuntu/MLOps/MLOps/app/airflow/logs/scheduler/latest already exists as a dir/file. Skip creating symlink.
/home/ubuntu/MLOps/MLOps/app/airflow/logs/scheduler/latest already exists as a dir/file. Skip creating symlink.
/home/ubuntu/MLOps/MLOps/app/airflow/logs/scheduler/latest already exists as a dir/file. Skip creating symlink.
/home/ubuntu/MLOps/MLOps/app/airflow/logs/scheduler/latest already exists as a dir/file. Skip creating symlink.
/home/ubuntu/MLOps/MLOps/app/airflow/logs/scheduler/latest already exists as a dir/file. Skip creating symlink.
/home/ubuntu/MLOps/MLOps/app/airflow/logs/scheduler/latest already exists as a dir/file. Skip creating symlink.
/home/ubuntu/MLOps/MLOps/app/airflow/logs/scheduler/latest already exists as a dir/file. Skip creating symlink.
/home/ubuntu/MLOps/MLOps/app/airflow/logs/scheduler/latest already exists as a dir/file. Skip creating symlink.
/home/ubuntu/MLOps/MLOps/app/airflow/logs/scheduler/latest already exists as a dir/file. Skip creating symlink.
/home/ubuntu/MLOps/MLOps/app/airflow/logs/scheduler/latest already exists as a dir/file. Skip creating symlink.
/home/ubuntu/MLOps/MLOps/app/airflow/logs/scheduler/latest already exists as a dir/file. Skip creating symlink.
/home/ubuntu/MLOps/MLOps/app/airflow/logs/scheduler/latest already exists as a dir/file. Skip creating symlink.
/home/ubuntu/MLOps/MLOps/app/airflow/logs/scheduler/latest already exists as a dir/file. Skip creating symlink.
/home/ubuntu/MLOps/MLOps/app/airflow/logs/scheduler/latest already exists as a dir/file. Skip creating symlink.
/home/ubuntu/MLOps/MLOps/app/airflow/logs/scheduler/latest already exists as a dir/file. Skip creating symlink.
/home/ubuntu/MLOps/MLOps/app/airflow/logs/scheduler/latest already exists as a dir/file. Skip creating symlink.
/home/ubuntu/MLOps/MLOps/app/airflow/logs/scheduler/latest already exists as a dir/file. Skip creating symlink.
/home/ubuntu/MLOps/MLOps/app/airflow/logs/scheduler/latest already exists as a dir/file. Skip creating symlink.
/home/ubuntu/MLOps/MLOps/app/airflow/logs/scheduler/latest already exists as a dir/file. Skip creating symlink.
/home/ubuntu/MLOps/MLOps/app/airflow/logs/scheduler/latest already exists as a dir/file. Skip creating symlink.
/home/ubuntu/MLOps/MLOps/app/airflow/logs/scheduler/latest already exists as a dir/file. Skip creating symlink.
/home/ubuntu/MLOps/MLOps/app/airflow/logs/scheduler/latest already exists as a dir/file. Skip creating symlink.
/home/ubuntu/MLOps/MLOps/app/airflow/logs/scheduler/latest already exists as a dir/file. Skip creating symlink.
/home/ubuntu/MLOps/MLOps/app/airflow/logs/scheduler/latest already exists as a dir/file. Skip creating symlink.
/home/ubuntu/MLOps/MLOps/app/airflow/logs/scheduler/latest already exists as a dir/file. Skip creating symlink.
/home/ubuntu/MLOps/MLOps/app/airflow/logs/scheduler/latest already exists as a dir/file. Skip creating symlink.
/home/ubuntu/MLOps/MLOps/app/airflow/logs/scheduler/latest already exists as a dir/file. Skip creating symlink.
/home/ubuntu/MLOps/MLOps/app/airflow/logs/scheduler/latest already exists as a dir/file. Skip creating symlink.
/home/ubuntu/MLOps/MLOps/app/airflow/logs/scheduler/latest already exists as a dir/file. Skip creating symlink.
/home/ubuntu/MLOps/MLOps/app/airflow/logs/scheduler/latest already exists as a dir/file. Skip creating symlink.
/home/ubuntu/MLOps/MLOps/app/airflow/logs/scheduler/latest already exists as a dir/file. Skip creating symlink.
/home/ubuntu/MLOps/MLOps/app/airflow/logs/scheduler/latest already exists as a dir/file. Skip creating symlink.
/home/ubuntu/MLOps/MLOps/app/airflow/logs/scheduler/latest already exists as a dir/file. Skip creating symlink.
/home/ubuntu/MLOps/MLOps/app/airflow/logs/scheduler/latest already exists as a dir/file. Skip creating symlink.
/home/ubuntu/MLOps/MLOps/app/airflow/logs/scheduler/latest already exists as a dir/file. Skip creating symlink.
/home/ubuntu/MLOps/MLOps/app/airflow/logs/scheduler/latest already exists as a dir/file. Skip creating symlink.
/home/ubuntu/MLOps/MLOps/app/airflow/logs/scheduler/latest already exists as a dir/file. Skip creating symlink.
/home/ubuntu/MLOps/MLOps/app/airflow/logs/scheduler/latest already exists as a dir/file. Skip creating symlink.
/home/ubuntu/MLOps/MLOps/app/airflow/logs/scheduler/latest already exists as a dir/file. Skip creating symlink.
/home/ubuntu/MLOps/MLOps/app/airflow/logs/scheduler/latest already exists as a dir/file. Skip creating symlink.
/home/ubuntu/MLOps/MLOps/app/airflow/logs/scheduler/latest already exists as a dir/file. Skip creating symlink.
/home/ubuntu/MLOps/MLOps/app/airflow/logs/scheduler/latest already exists as a dir/file. Skip creating symlink.
/home/ubuntu/MLOps/MLOps/app/airflow/logs/scheduler/latest already exists as a dir/file. Skip creating symlink.
/home/ubuntu/MLOps/MLOps/app/airflow/logs/scheduler/latest already exists as a dir/file. Skip creating symlink.
/home/ubuntu/MLOps/MLOps/app/airflow/logs/scheduler/latest already exists as a dir/file. Skip creating symlink.
/home/ubuntu/MLOps/MLOps/app/airflow/logs/scheduler/latest already exists as a dir/file. Skip creating symlink.
/home/ubuntu/MLOps/MLOps/app/airflow/logs/scheduler/latest already exists as a dir/file. Skip creating symlink.
/home/ubuntu/MLOps/MLOps/app/airflow/logs/scheduler/latest already exists as a dir/file. Skip creating symlink.
[2025-06-19 09:19:46 +0900] [449569] [CRITICAL] WORKER TIMEOUT (pid:449572)
[2025-06-19 09:19:46 +0900] [449572] [INFO] Worker exiting (pid: 449572)
[2025-06-19 09:19:46 +0900] [449569] [ERROR] Worker (pid:449572) exited with code 1
[2025-06-19 09:19:46 +0900] [449569] [ERROR] Worker (pid:449572) exited with code 1.
[2025-06-19 09:19:46 +0900] [541234] [INFO] Booting worker with pid: 541234
/home/ubuntu/MLOps/MLOps/app/airflow/logs/scheduler/latest already exists as a dir/file. Skip creating symlink.
/home/ubuntu/MLOps/MLOps/app/airflow/logs/scheduler/latest already exists as a dir/file. Skip creating symlink.
/home/ubuntu/MLOps/MLOps/app/airflow/logs/scheduler/latest already exists as a dir/file. Skip creating symlink.
/home/ubuntu/MLOps/MLOps/app/airflow/logs/scheduler/latest already exists as a dir/file. Skip creating symlink.
/home/ubuntu/MLOps/MLOps/app/airflow/logs/scheduler/latest already exists as a dir/file. Skip creating symlink.
/home/ubuntu/MLOps/MLOps/app/airflow/logs/scheduler/latest already exists as a dir/file. Skip creating symlink.
/home/ubuntu/MLOps/MLOps/app/airflow/logs/scheduler/latest already exists as a dir/file. Skip creating symlink.
/home/ubuntu/MLOps/MLOps/app/airflow/logs/scheduler/latest already exists as a dir/file. Skip creating symlink.
/home/ubuntu/MLOps/MLOps/app/airflow/logs/scheduler/latest already exists as a dir/file. Skip creating symlink.
/home/ubuntu/MLOps/MLOps/app/airflow/logs/scheduler/latest already exists as a dir/file. Skip creating symlink.
/home/ubuntu/MLOps/MLOps/app/airflow/logs/scheduler/latest already exists as a dir/file. Skip creating symlink.
/home/ubuntu/MLOps/MLOps/app/airflow/logs/scheduler/latest already exists as a dir/file. Skip creating symlink.
/home/ubuntu/MLOps/MLOps/app/airflow/logs/scheduler/latest already exists as a dir/file. Skip creating symlink.
/home/ubuntu/MLOps/MLOps/app/airflow/logs/scheduler/latest already exists as a dir/file. Skip creating symlink.
/home/ubuntu/MLOps/MLOps/app/airflow/logs/scheduler/latest already exists as a dir/file. Skip creating symlink.
/home/ubuntu/MLOps/MLOps/app/airflow/logs/scheduler/latest already exists as a dir/file. Skip creating symlink.
/home/ubuntu/MLOps/MLOps/app/airflow/logs/scheduler/latest already exists as a dir/file. Skip creating symlink.
/home/ubuntu/MLOps/MLOps/app/airflow/logs/scheduler/latest already exists as a dir/file. Skip creating symlink.
/home/ubuntu/MLOps/MLOps/app/airflow/logs/scheduler/latest already exists as a dir/file. Skip creating symlink.
/home/ubuntu/MLOps/MLOps/app/airflow/logs/scheduler/latest already exists as a dir/file. Skip creating symlink.
/home/ubuntu/MLOps/MLOps/app/airflow/logs/scheduler/latest already exists as a dir/file. Skip creating symlink.
/home/ubuntu/MLOps/MLOps/app/airflow/logs/scheduler/latest already exists as a dir/file. Skip creating symlink.
/home/ubuntu/MLOps/MLOps/app/airflow/logs/scheduler/latest already exists as a dir/file. Skip creating symlink.
/home/ubuntu/MLOps/MLOps/app/airflow/logs/scheduler/latest already exists as a dir/file. Skip creating symlink.
/home/ubuntu/MLOps/MLOps/app/airflow/logs/scheduler/latest already exists as a dir/file. Skip creating symlink.
/home/ubuntu/MLOps/MLOps/app/airflow/logs/scheduler/latest already exists as a dir/file. Skip creating symlink.
/home/ubuntu/MLOps/MLOps/app/airflow/logs/scheduler/latest already exists as a dir/file. Skip creating symlink.
/home/ubuntu/MLOps/MLOps/app/airflow/logs/scheduler/latest already exists as a dir/file. Skip creating symlink.
/home/ubuntu/MLOps/MLOps/app/airflow/logs/scheduler/latest already exists as a dir/file. Skip creating symlink.
/home/ubuntu/MLOps/MLOps/app/airflow/logs/scheduler/latest already exists as a dir/file. Skip creating symlink.
/home/ubuntu/MLOps/MLOps/app/airflow/logs/scheduler/latest already exists as a dir/file. Skip creating symlink.
/home/ubuntu/MLOps/MLOps/app/airflow/logs/scheduler/latest already exists as a dir/file. Skip creating symlink.
/home/ubuntu/MLOps/MLOps/app/airflow/logs/scheduler/latest already exists as a dir/file. Skip creating symlink.
/home/ubuntu/MLOps/MLOps/app/airflow/logs/scheduler/latest already exists as a dir/file. Skip creating symlink.
/home/ubuntu/MLOps/MLOps/app/airflow/logs/scheduler/latest already exists as a dir/file. Skip creating symlink.
/home/ubuntu/MLOps/MLOps/app/airflow/logs/scheduler/latest already exists as a dir/file. Skip creating symlink.
/home/ubuntu/MLOps/MLOps/app/airflow/logs/scheduler/latest already exists as a dir/file. Skip creating symlink.
/home/ubuntu/MLOps/MLOps/app/airflow/logs/scheduler/latest already exists as a dir/file. Skip creating symlink.
/home/ubuntu/MLOps/MLOps/app/airflow/logs/scheduler/latest already exists as a dir/file. Skip creating symlink.
/home/ubuntu/MLOps/MLOps/app/airflow/logs/scheduler/latest already exists as a dir/file. Skip creating symlink.
/home/ubuntu/MLOps/MLOps/app/airflow/logs/scheduler/latest already exists as a dir/file. Skip creating symlink.
/home/ubuntu/MLOps/MLOps/app/airflow/logs/scheduler/latest already exists as a dir/file. Skip creating symlink.
/home/ubuntu/MLOps/MLOps/app/airflow/logs/scheduler/latest already exists as a dir/file. Skip creating symlink.
/home/ubuntu/MLOps/MLOps/app/airflow/logs/scheduler/latest already exists as a dir/file. Skip creating symlink.
/home/ubuntu/MLOps/MLOps/app/airflow/logs/scheduler/latest already exists as a dir/file. Skip creating symlink.
/home/ubuntu/MLOps/MLOps/app/airflow/logs/scheduler/latest already exists as a dir/file. Skip creating symlink.
/home/ubuntu/MLOps/MLOps/app/airflow/logs/scheduler/latest already exists as a dir/file. Skip creating symlink.
/home/ubuntu/MLOps/MLOps/app/airflow/logs/scheduler/latest already exists as a dir/file. Skip creating symlink.
/home/ubuntu/MLOps/MLOps/app/airflow/logs/scheduler/latest already exists as a dir/file. Skip creating symlink.
/home/ubuntu/MLOps/MLOps/app/airflow/logs/scheduler/latest already exists as a dir/file. Skip creating symlink.
/home/ubuntu/MLOps/MLOps/app/airflow/logs/scheduler/latest already exists as a dir/file. Skip creating symlink.
/home/ubuntu/MLOps/MLOps/app/airflow/logs/scheduler/latest already exists as a dir/file. Skip creating symlink.
/home/ubuntu/MLOps/MLOps/app/airflow/logs/scheduler/latest already exists as a dir/file. Skip creating symlink.
/home/ubuntu/MLOps/MLOps/app/airflow/logs/scheduler/latest already exists as a dir/file. Skip creating symlink.
/home/ubuntu/MLOps/MLOps/app/airflow/logs/scheduler/latest already exists as a dir/file. Skip creating symlink.
/home/ubuntu/MLOps/MLOps/app/airflow/logs/scheduler/latest already exists as a dir/file. Skip creating symlink.
/home/ubuntu/MLOps/MLOps/app/airflow/logs/scheduler/latest already exists as a dir/file. Skip creating symlink.
/home/ubuntu/MLOps/MLOps/app/airflow/logs/scheduler/latest already exists as a dir/file. Skip creating symlink.
/home/ubuntu/MLOps/MLOps/app/airflow/logs/scheduler/latest already exists as a dir/file. Skip creating symlink.
/home/ubuntu/MLOps/MLOps/app/airflow/logs/scheduler/latest already exists as a dir/file. Skip creating symlink.
/home/ubuntu/MLOps/MLOps/app/airflow/logs/scheduler/latest already exists as a dir/file. Skip creating symlink.
/home/ubuntu/MLOps/MLOps/app/airflow/logs/scheduler/latest already exists as a dir/file. Skip creating symlink.
/home/ubuntu/MLOps/MLOps/app/airflow/logs/scheduler/latest already exists as a dir/file. Skip creating symlink.
/home/ubuntu/MLOps/MLOps/app/airflow/logs/scheduler/latest already exists as a dir/file. Skip creating symlink.
/home/ubuntu/MLOps/MLOps/app/airflow/logs/scheduler/latest already exists as a dir/file. Skip creating symlink.
/home/ubuntu/MLOps/MLOps/app/airflow/logs/scheduler/latest already exists as a dir/file. Skip creating symlink.
/home/ubuntu/MLOps/MLOps/app/airflow/logs/scheduler/latest already exists as a dir/file. Skip creating symlink.
/home/ubuntu/MLOps/MLOps/app/airflow/logs/scheduler/latest already exists as a dir/file. Skip creating symlink.
/home/ubuntu/MLOps/MLOps/app/airflow/logs/scheduler/latest already exists as a dir/file. Skip creating symlink.
/home/ubuntu/MLOps/MLOps/app/airflow/logs/scheduler/latest already exists as a dir/file. Skip creating symlink.
/home/ubuntu/MLOps/MLOps/app/airflow/logs/scheduler/latest already exists as a dir/file. Skip creating symlink.
/home/ubuntu/MLOps/MLOps/app/airflow/logs/scheduler/latest already exists as a dir/file. Skip creating symlink.
/home/ubuntu/MLOps/MLOps/app/airflow/logs/scheduler/latest already exists as a dir/file. Skip creating symlink.
/home/ubuntu/MLOps/MLOps/app/airflow/logs/scheduler/latest already exists as a dir/file. Skip creating symlink.
/home/ubuntu/MLOps/MLOps/app/airflow/logs/scheduler/latest already exists as a dir/file. Skip creating symlink.
/home/ubuntu/MLOps/MLOps/app/airflow/logs/scheduler/latest already exists as a dir/file. Skip creating symlink.
/home/ubuntu/MLOps/MLOps/app/airflow/logs/scheduler/latest already exists as a dir/file. Skip creating symlink.
/home/ubuntu/MLOps/MLOps/app/airflow/logs/scheduler/latest already exists as a dir/file. Skip creating symlink.
/home/ubuntu/MLOps/MLOps/app/airflow/logs/scheduler/latest already exists as a dir/file. Skip creating symlink.
/home/ubuntu/MLOps/MLOps/app/airflow/logs/scheduler/latest already exists as a dir/file. Skip creating symlink.
/home/ubuntu/MLOps/MLOps/app/airflow/logs/scheduler/latest already exists as a dir/file. Skip creating symlink.
/home/ubuntu/MLOps/MLOps/app/airflow/logs/scheduler/latest already exists as a dir/file. Skip creating symlink.
/home/ubuntu/MLOps/MLOps/app/airflow/logs/scheduler/latest already exists as a dir/file. Skip creating symlink.
/home/ubuntu/MLOps/MLOps/app/airflow/logs/scheduler/latest already exists as a dir/file. Skip creating symlink.
/home/ubuntu/MLOps/MLOps/app/airflow/logs/scheduler/latest already exists as a dir/file. Skip creating symlink.
/home/ubuntu/MLOps/MLOps/app/airflow/logs/scheduler/latest already exists as a dir/file. Skip creating symlink.
/home/ubuntu/MLOps/MLOps/app/airflow/logs/scheduler/latest already exists as a dir/file. Skip creating symlink.
/home/ubuntu/MLOps/MLOps/app/airflow/logs/scheduler/latest already exists as a dir/file. Skip creating symlink.
/home/ubuntu/MLOps/MLOps/app/airflow/logs/scheduler/latest already exists as a dir/file. Skip creating symlink.
/home/ubuntu/MLOps/MLOps/app/airflow/logs/scheduler/latest already exists as a dir/file. Skip creating symlink.
/home/ubuntu/MLOps/MLOps/app/airflow/logs/scheduler/latest already exists as a dir/file. Skip creating symlink.
/home/ubuntu/MLOps/MLOps/app/airflow/logs/scheduler/latest already exists as a dir/file. Skip creating symlink.
/home/ubuntu/MLOps/MLOps/app/airflow/logs/scheduler/latest already exists as a dir/file. Skip creating symlink.
/home/ubuntu/MLOps/MLOps/app/airflow/logs/scheduler/latest already exists as a dir/file. Skip creating symlink.
/home/ubuntu/MLOps/MLOps/app/airflow/logs/scheduler/latest already exists as a dir/file. Skip creating symlink.
/home/ubuntu/MLOps/MLOps/app/airflow/logs/scheduler/latest already exists as a dir/file. Skip creating symlink.
/home/ubuntu/MLOps/MLOps/app/airflow/logs/scheduler/latest already exists as a dir/file. Skip creating symlink.
/home/ubuntu/MLOps/MLOps/app/airflow/logs/scheduler/latest already exists as a dir/file. Skip creating symlink.
/home/ubuntu/MLOps/MLOps/app/airflow/logs/scheduler/latest already exists as a dir/file. Skip creating symlink.
/home/ubuntu/MLOps/MLOps/app/airflow/logs/scheduler/latest already exists as a dir/file. Skip creating symlink.
/home/ubuntu/MLOps/MLOps/app/airflow/logs/scheduler/latest already exists as a dir/file. Skip creating symlink.
/home/ubuntu/MLOps/MLOps/app/airflow/logs/scheduler/latest already exists as a dir/file. Skip creating symlink.
/home/ubuntu/MLOps/MLOps/app/airflow/logs/scheduler/latest already exists as a dir/file. Skip creating symlink.
/home/ubuntu/MLOps/MLOps/app/airflow/logs/scheduler/latest already exists as a dir/file. Skip creating symlink.
/home/ubuntu/MLOps/MLOps/app/airflow/logs/scheduler/latest already exists as a dir/file. Skip creating symlink.
/home/ubuntu/MLOps/MLOps/app/airflow/logs/scheduler/latest already exists as a dir/file. Skip creating symlink.
/home/ubuntu/MLOps/MLOps/app/airflow/logs/scheduler/latest already exists as a dir/file. Skip creating symlink.
/home/ubuntu/MLOps/MLOps/app/airflow/logs/scheduler/latest already exists as a dir/file. Skip creating symlink.
/home/ubuntu/MLOps/MLOps/app/airflow/logs/scheduler/latest already exists as a dir/file. Skip creating symlink.
/home/ubuntu/MLOps/MLOps/app/airflow/logs/scheduler/latest already exists as a dir/file. Skip creating symlink.
/home/ubuntu/MLOps/MLOps/app/airflow/logs/scheduler/latest already exists as a dir/file. Skip creating symlink.
/home/ubuntu/MLOps/MLOps/app/airflow/logs/scheduler/latest already exists as a dir/file. Skip creating symlink.
/home/ubuntu/MLOps/MLOps/app/airflow/logs/scheduler/latest already exists as a dir/file. Skip creating symlink.
/home/ubuntu/MLOps/MLOps/app/airflow/logs/scheduler/latest already exists as a dir/file. Skip creating symlink.
/home/ubuntu/MLOps/MLOps/app/airflow/logs/scheduler/latest already exists as a dir/file. Skip creating symlink.
/home/ubuntu/MLOps/MLOps/app/airflow/logs/scheduler/latest already exists as a dir/file. Skip creating symlink.
/home/ubuntu/MLOps/MLOps/app/airflow/logs/scheduler/latest already exists as a dir/file. Skip creating symlink.
/home/ubuntu/MLOps/MLOps/app/airflow/logs/scheduler/latest already exists as a dir/file. Skip creating symlink.
/home/ubuntu/MLOps/MLOps/app/airflow/logs/scheduler/latest already exists as a dir/file. Skip creating symlink.
/home/ubuntu/MLOps/MLOps/app/airflow/logs/scheduler/latest already exists as a dir/file. Skip creating symlink.
/home/ubuntu/MLOps/MLOps/app/airflow/logs/scheduler/latest already exists as a dir/file. Skip creating symlink.
/home/ubuntu/MLOps/MLOps/app/airflow/logs/scheduler/latest already exists as a dir/file. Skip creating symlink.
/home/ubuntu/MLOps/MLOps/app/airflow/logs/scheduler/latest already exists as a dir/file. Skip creating symlink.
/home/ubuntu/MLOps/MLOps/app/airflow/logs/scheduler/latest already exists as a dir/file. Skip creating symlink.
/home/ubuntu/MLOps/MLOps/app/airflow/logs/scheduler/latest already exists as a dir/file. Skip creating symlink.
/home/ubuntu/MLOps/MLOps/app/airflow/logs/scheduler/latest already exists as a dir/file. Skip creating symlink.
/home/ubuntu/MLOps/MLOps/app/airflow/logs/scheduler/latest already exists as a dir/file. Skip creating symlink.
/home/ubuntu/MLOps/MLOps/app/airflow/logs/scheduler/latest already exists as a dir/file. Skip creating symlink.
/home/ubuntu/MLOps/MLOps/app/airflow/logs/scheduler/latest already exists as a dir/file. Skip creating symlink.
/home/ubuntu/MLOps/MLOps/app/airflow/logs/scheduler/latest already exists as a dir/file. Skip creating symlink.
/home/ubuntu/MLOps/MLOps/app/airflow/logs/scheduler/latest already exists as a dir/file. Skip creating symlink.
/home/ubuntu/MLOps/MLOps/app/airflow/logs/scheduler/latest already exists as a dir/file. Skip creating symlink.
/home/ubuntu/MLOps/MLOps/app/airflow/logs/scheduler/latest already exists as a dir/file. Skip creating symlink.
/home/ubuntu/MLOps/MLOps/app/airflow/logs/scheduler/latest already exists as a dir/file. Skip creating symlink.
/home/ubuntu/MLOps/MLOps/app/airflow/logs/scheduler/latest already exists as a dir/file. Skip creating symlink.
/home/ubuntu/MLOps/MLOps/app/airflow/logs/scheduler/latest already exists as a dir/file. Skip creating symlink.
/home/ubuntu/MLOps/MLOps/app/airflow/logs/scheduler/latest already exists as a dir/file. Skip creating symlink.
/home/ubuntu/MLOps/MLOps/app/airflow/logs/scheduler/latest already exists as a dir/file. Skip creating symlink.
/home/ubuntu/MLOps/MLOps/app/airflow/logs/scheduler/latest already exists as a dir/file. Skip creating symlink.
/home/ubuntu/MLOps/MLOps/app/airflow/logs/scheduler/latest already exists as a dir/file. Skip creating symlink.
/home/ubuntu/MLOps/MLOps/app/airflow/logs/scheduler/latest already exists as a dir/file. Skip creating symlink.
/home/ubuntu/MLOps/MLOps/app/airflow/logs/scheduler/latest already exists as a dir/file. Skip creating symlink.
/home/ubuntu/MLOps/MLOps/app/airflow/logs/scheduler/latest already exists as a dir/file. Skip creating symlink.
/home/ubuntu/MLOps/MLOps/app/airflow/logs/scheduler/latest already exists as a dir/file. Skip creating symlink.
/home/ubuntu/MLOps/MLOps/app/airflow/logs/scheduler/latest already exists as a dir/file. Skip creating symlink.
/home/ubuntu/MLOps/MLOps/app/airflow/logs/scheduler/latest already exists as a dir/file. Skip creating symlink.
/home/ubuntu/MLOps/MLOps/app/airflow/logs/scheduler/latest already exists as a dir/file. Skip creating symlink.
/home/ubuntu/MLOps/MLOps/app/airflow/logs/scheduler/latest already exists as a dir/file. Skip creating symlink.
/home/ubuntu/MLOps/MLOps/app/airflow/logs/scheduler/latest already exists as a dir/file. Skip creating symlink.
/home/ubuntu/MLOps/MLOps/app/airflow/logs/scheduler/latest already exists as a dir/file. Skip creating symlink.
/home/ubuntu/MLOps/MLOps/app/airflow/logs/scheduler/latest already exists as a dir/file. Skip creating symlink.
/home/ubuntu/MLOps/MLOps/app/airflow/logs/scheduler/latest already exists as a dir/file. Skip creating symlink.
/home/ubuntu/MLOps/MLOps/app/airflow/logs/scheduler/latest already exists as a dir/file. Skip creating symlink.
/home/ubuntu/MLOps/MLOps/app/airflow/logs/scheduler/latest already exists as a dir/file. Skip creating symlink.
/home/ubuntu/MLOps/MLOps/app/airflow/logs/scheduler/latest already exists as a dir/file. Skip creating symlink.
/home/ubuntu/MLOps/MLOps/app/airflow/logs/scheduler/latest already exists as a dir/file. Skip creating symlink.
/home/ubuntu/MLOps/MLOps/app/airflow/logs/scheduler/latest already exists as a dir/file. Skip creating symlink.
/home/ubuntu/MLOps/MLOps/app/airflow/logs/scheduler/latest already exists as a dir/file. Skip creating symlink.
/home/ubuntu/MLOps/MLOps/app/airflow/logs/scheduler/latest already exists as a dir/file. Skip creating symlink.
/home/ubuntu/MLOps/MLOps/app/airflow/logs/scheduler/latest already exists as a dir/file. Skip creating symlink.
/home/ubuntu/MLOps/MLOps/app/airflow/logs/scheduler/latest already exists as a dir/file. Skip creating symlink.
/home/ubuntu/MLOps/MLOps/app/airflow/logs/scheduler/latest already exists as a dir/file. Skip creating symlink.
/home/ubuntu/MLOps/MLOps/app/airflow/logs/scheduler/latest already exists as a dir/file. Skip creating symlink.
/home/ubuntu/MLOps/MLOps/app/airflow/logs/scheduler/latest already exists as a dir/file. Skip creating symlink.
/home/ubuntu/MLOps/MLOps/app/airflow/logs/scheduler/latest already exists as a dir/file. Skip creating symlink.
/home/ubuntu/MLOps/MLOps/app/airflow/logs/scheduler/latest already exists as a dir/file. Skip creating symlink.
/home/ubuntu/MLOps/MLOps/app/airflow/logs/scheduler/latest already exists as a dir/file. Skip creating symlink.
/home/ubuntu/MLOps/MLOps/app/airflow/logs/scheduler/latest already exists as a dir/file. Skip creating symlink.
/home/ubuntu/MLOps/MLOps/app/airflow/logs/scheduler/latest already exists as a dir/file. Skip creating symlink.
/home/ubuntu/MLOps/MLOps/app/airflow/logs/scheduler/latest already exists as a dir/file. Skip creating symlink.
/home/ubuntu/MLOps/MLOps/app/airflow/logs/scheduler/latest already exists as a dir/file. Skip creating symlink.
/home/ubuntu/MLOps/MLOps/app/airflow/logs/scheduler/latest already exists as a dir/file. Skip creating symlink.
/home/ubuntu/MLOps/MLOps/app/airflow/logs/scheduler/latest already exists as a dir/file. Skip creating symlink.
/home/ubuntu/MLOps/MLOps/app/airflow/logs/scheduler/latest already exists as a dir/file. Skip creating symlink.
/home/ubuntu/MLOps/MLOps/app/airflow/logs/scheduler/latest already exists as a dir/file. Skip creating symlink.
/home/ubuntu/MLOps/MLOps/app/airflow/logs/scheduler/latest already exists as a dir/file. Skip creating symlink.
/home/ubuntu/MLOps/MLOps/app/airflow/logs/scheduler/latest already exists as a dir/file. Skip creating symlink.
/home/ubuntu/MLOps/MLOps/app/airflow/logs/scheduler/latest already exists as a dir/file. Skip creating symlink.
/home/ubuntu/MLOps/MLOps/app/airflow/logs/scheduler/latest already exists as a dir/file. Skip creating symlink.
/home/ubuntu/MLOps/MLOps/app/airflow/logs/scheduler/latest already exists as a dir/file. Skip creating symlink.
/home/ubuntu/MLOps/MLOps/app/airflow/logs/scheduler/latest already exists as a dir/file. Skip creating symlink.
/home/ubuntu/MLOps/MLOps/app/airflow/logs/scheduler/latest already exists as a dir/file. Skip creating symlink.
/home/ubuntu/MLOps/MLOps/app/airflow/logs/scheduler/latest already exists as a dir/file. Skip creating symlink.
/home/ubuntu/MLOps/MLOps/app/airflow/logs/scheduler/latest already exists as a dir/file. Skip creating symlink.
/home/ubuntu/MLOps/MLOps/app/airflow/logs/scheduler/latest already exists as a dir/file. Skip creating symlink.
/home/ubuntu/MLOps/MLOps/app/airflow/logs/scheduler/latest already exists as a dir/file. Skip creating symlink.
/home/ubuntu/MLOps/MLOps/app/airflow/logs/scheduler/latest already exists as a dir/file. Skip creating symlink.
/home/ubuntu/MLOps/MLOps/app/airflow/logs/scheduler/latest already exists as a dir/file. Skip creating symlink.
/home/ubuntu/MLOps/MLOps/app/airflow/logs/scheduler/latest already exists as a dir/file. Skip creating symlink.
[2025-06-23 01:05:36 +0900] [449569] [CRITICAL] WORKER TIMEOUT (pid:457052)
[2025-06-23 01:05:36 +0900] [457052] [INFO] Worker exiting (pid: 457052)
[2025-06-23 01:02:32 +0900] [449569] [ERROR] Worker (pid:457052) exited with code 1
[2025-06-23 01:02:32 +0900] [449569] [ERROR] Worker (pid:457052) exited with code 1.
[2025-06-23 01:02:32 +0900] [9331] [INFO] Booting worker with pid: 9331
/home/ubuntu/MLOps/MLOps/app/airflow/logs/scheduler/latest already exists as a dir/file. Skip creating symlink.
/home/ubuntu/MLOps/MLOps/app/airflow/logs/scheduler/latest already exists as a dir/file. Skip creating symlink.
/home/ubuntu/MLOps/MLOps/app/airflow/logs/scheduler/latest already exists as a dir/file. Skip creating symlink.
/home/ubuntu/MLOps/MLOps/app/airflow/logs/scheduler/latest already exists as a dir/file. Skip creating symlink.
/home/ubuntu/MLOps/MLOps/app/airflow/logs/scheduler/latest already exists as a dir/file. Skip creating symlink.
/home/ubuntu/MLOps/MLOps/app/airflow/logs/scheduler/latest already exists as a dir/file. Skip creating symlink.
/home/ubuntu/MLOps/MLOps/app/airflow/logs/scheduler/latest already exists as a dir/file. Skip creating symlink.
/home/ubuntu/MLOps/MLOps/app/airflow/logs/scheduler/latest already exists as a dir/file. Skip creating symlink.
[2025-06-23 09:36:33 +0900] [449569] [CRITICAL] WORKER TIMEOUT (pid:541234)
[2025-06-23 09:36:33 +0900] [449569] [CRITICAL] WORKER TIMEOUT (pid:9331)
[2025-06-23 09:36:33 +0900] [9331] [INFO] Worker exiting (pid: 9331)
[2025-06-23 09:36:33 +0900] [449569] [ERROR] Worker (pid:9331) exited with code 1
[2025-06-23 09:36:33 +0900] [449569] [ERROR] Worker (pid:9331) exited with code 1.
[2025-06-23 09:36:33 +0900] [10312] [INFO] Booting worker with pid: 10312
[2025-06-23 09:36:33 +0900] [449569] [ERROR] Worker (pid:541234) was sent SIGKILL! Perhaps out of memory?
[2025-06-23 09:36:33 +0900] [10318] [INFO] Booting worker with pid: 10318
/home/ubuntu/MLOps/MLOps/app/airflow/logs/scheduler/latest already exists as a dir/file. Skip creating symlink.
/home/ubuntu/MLOps/MLOps/app/airflow/logs/scheduler/latest already exists as a dir/file. Skip creating symlink.
/home/ubuntu/MLOps/MLOps/app/airflow/logs/scheduler/latest already exists as a dir/file. Skip creating symlink.
/home/ubuntu/MLOps/MLOps/app/airflow/logs/scheduler/latest already exists as a dir/file. Skip creating symlink.
/home/ubuntu/MLOps/MLOps/app/airflow/logs/scheduler/latest already exists as a dir/file. Skip creating symlink.
/home/ubuntu/MLOps/MLOps/app/airflow/logs/scheduler/latest already exists as a dir/file. Skip creating symlink.
/home/ubuntu/MLOps/MLOps/app/airflow/logs/scheduler/latest already exists as a dir/file. Skip creating symlink.
/home/ubuntu/MLOps/MLOps/app/airflow/logs/scheduler/latest already exists as a dir/file. Skip creating symlink.
/home/ubuntu/MLOps/MLOps/app/airflow/logs/scheduler/latest already exists as a dir/file. Skip creating symlink.
/home/ubuntu/MLOps/MLOps/app/airflow/logs/scheduler/latest already exists as a dir/file. Skip creating symlink.
/home/ubuntu/MLOps/MLOps/app/airflow/logs/scheduler/latest already exists as a dir/file. Skip creating symlink.
/home/ubuntu/MLOps/MLOps/app/airflow/logs/scheduler/latest already exists as a dir/file. Skip creating symlink.
/home/ubuntu/MLOps/MLOps/app/airflow/logs/scheduler/latest already exists as a dir/file. Skip creating symlink.
/home/ubuntu/MLOps/MLOps/app/airflow/logs/scheduler/latest already exists as a dir/file. Skip creating symlink.
/home/ubuntu/MLOps/MLOps/app/airflow/logs/scheduler/latest already exists as a dir/file. Skip creating symlink.
/home/ubuntu/MLOps/MLOps/app/airflow/logs/scheduler/latest already exists as a dir/file. Skip creating symlink.
/home/ubuntu/MLOps/MLOps/app/airflow/logs/scheduler/latest already exists as a dir/file. Skip creating symlink.
/home/ubuntu/MLOps/MLOps/app/airflow/logs/scheduler/latest already exists as a dir/file. Skip creating symlink.
/home/ubuntu/MLOps/MLOps/app/airflow/logs/scheduler/latest already exists as a dir/file. Skip creating symlink.
/home/ubuntu/MLOps/MLOps/app/airflow/logs/scheduler/latest already exists as a dir/file. Skip creating symlink.
